#
# There is insufficient memory for the Java Runtime Environment to continue.
# Native memory allocation (malloc) failed to allocate 716177408 bytes for committing reserved memory.
# Possible reasons:
#   The system is out of physical RAM or swap space
#   In 32 bit mode, the process size limit was hit
# Possible solutions:
#   Reduce memory load on the system
#   Increase physical memory or swap space
#   Check if swap backing store is full
#   Use 64 bit Java on a 64 bit OS
#   Decrease Java heap size (-Xmx/-Xms)
#   Decrease number of Java threads
#   Decrease Java thread stack sizes (-Xss)
#   Set larger code cache with -XX:ReservedCodeCacheSize=
# This output file may be truncated or incomplete.
#
#  Out of Memory Error (os_linux.cpp:2745), pid=23121, tid=140157890352896
#
# JRE version:  (7.0_67-b01) (build )
# Java VM: Java HotSpot(TM) 64-Bit Server VM (24.65-b04 mixed mode linux-amd64 compressed oops)
# Failed to write core dump. Core dumps have been disabled. To enable core dumping, try "ulimit -c unlimited" before starting Java again
#

---------------  T H R E A D  ---------------

Current thread (0x00007f7904008800):  JavaThread "Unknown thread" [_thread_in_vm, id=23122, stack(0x00007f790d345000,0x00007f790d446000)]

Stack: [0x00007f790d345000,0x00007f790d446000],  sp=0x00007f790d4441d0,  free space=1020k
Native frames: (J=compiled Java code, j=interpreted, Vv=VM code, C=native code)
V  [libjvm.so+0x99eb8a]  VMError::report_and_die()+0x2ea
V  [libjvm.so+0x49721b]  report_vm_out_of_memory(char const*, int, unsigned long, char const*)+0x9b
V  [libjvm.so+0x81d9ae]  os::Linux::commit_memory_impl(char*, unsigned long, bool)+0xfe
V  [libjvm.so+0x81def9]  os::pd_commit_memory(char*, unsigned long, unsigned long, bool)+0x29
V  [libjvm.so+0x817caa]  os::commit_memory(char*, unsigned long, unsigned long, bool)+0x2a
V  [libjvm.so+0x88a7a3]  PSVirtualSpace::expand_by(unsigned long)+0x53
V  [libjvm.so+0x879433]  PSOldGen::initialize(ReservedSpace, unsigned long, char const*, int)+0x103
V  [libjvm.so+0x29a3b3]  AdjoiningGenerations::AdjoiningGenerations(ReservedSpace, unsigned long, unsigned long, unsigned long, unsigned long, unsigned long, unsigned long, unsigned long)+0x3e3
V  [libjvm.so+0x83e7e5]  ParallelScavengeHeap::initialize()+0x4d5
V  [libjvm.so+0x971dba]  Universe::initialize_heap()+0xca
V  [libjvm.so+0x972f89]  universe_init()+0x79
V  [libjvm.so+0x5b09f5]  init_globals()+0x65
V  [libjvm.so+0x95a8ed]  Threads::create_vm(JavaVMInitArgs*, bool*)+0x1ed
V  [libjvm.so+0x638a34]  JNI_CreateJavaVM+0x74
C  [libjli.so+0x2f8e]  JavaMain+0x9e


---------------  P R O C E S S  ---------------

Java Threads: ( => current thread )

Other Threads:

=>0x00007f7904008800 (exited) JavaThread "Unknown thread" [_thread_in_vm, id=23122, stack(0x00007f790d345000,0x00007f790d446000)]

VM state:not at safepoint (not fully initialized)

VM Mutex/Monitor currently owned by a thread: None

GC Heap History (0 events):
No events

Deoptimization events (0 events):
No events

Internal exceptions (0 events):
No events

Events (0 events):
No events


Dynamic libraries:
00400000-00401000 r-xp 00000000 fd:00 1847137                            /usr/java/jdk1.7.0_67-cloudera/bin/java
00600000-00601000 rw-p 00000000 fd:00 1847137                            /usr/java/jdk1.7.0_67-cloudera/bin/java
00dc1000-00de2000 rw-p 00000000 00:00 0                                  [heap]
aff80000-bff80000 rw-p 00000000 00:00 0 
eaa80000-100000000 rw-p 00000000 00:00 0 
7f78fc000000-7f78fc270000 rwxp 00000000 00:00 0 
7f78fc270000-7f7904024000 rw-p 00000000 00:00 0 
7f7904024000-7f7908000000 ---p 00000000 00:00 0 
7f790a71f000-7f790a88b000 rw-p 00000000 00:00 0 
7f790a88b000-7f790aa60000 rw-p 00000000 00:00 0 
7f790aa60000-7f790ab16000 rw-p 00000000 00:00 0 
7f790ab16000-7f790ad0c000 rw-p 00000000 00:00 0 
7f790ad0c000-7f790ad26000 r-xp 00000000 fd:00 1847312                    /usr/java/jdk1.7.0_67-cloudera/jre/lib/amd64/libzip.so
7f790ad26000-7f790af26000 ---p 0001a000 fd:00 1847312                    /usr/java/jdk1.7.0_67-cloudera/jre/lib/amd64/libzip.so
7f790af26000-7f790af27000 rw-p 0001a000 fd:00 1847312                    /usr/java/jdk1.7.0_67-cloudera/jre/lib/amd64/libzip.so
7f790af27000-7f790af33000 r-xp 00000000 fd:00 915744                     /lib64/libnss_files-2.12.so
7f790af33000-7f790b133000 ---p 0000c000 fd:00 915744                     /lib64/libnss_files-2.12.so
7f790b133000-7f790b134000 r--p 0000c000 fd:00 915744                     /lib64/libnss_files-2.12.so
7f790b134000-7f790b135000 rw-p 0000d000 fd:00 915744                     /lib64/libnss_files-2.12.so
7f790b135000-7f790b15e000 r-xp 00000000 fd:00 1847282                    /usr/java/jdk1.7.0_67-cloudera/jre/lib/amd64/libjava.so
7f790b15e000-7f790b35e000 ---p 00029000 fd:00 1847282                    /usr/java/jdk1.7.0_67-cloudera/jre/lib/amd64/libjava.so
7f790b35e000-7f790b360000 rw-p 00029000 fd:00 1847282                    /usr/java/jdk1.7.0_67-cloudera/jre/lib/amd64/libjava.so
7f790b360000-7f790b36d000 r-xp 00000000 fd:00 1847311                    /usr/java/jdk1.7.0_67-cloudera/jre/lib/amd64/libverify.so
7f790b36d000-7f790b56c000 ---p 0000d000 fd:00 1847311                    /usr/java/jdk1.7.0_67-cloudera/jre/lib/amd64/libverify.so
7f790b56c000-7f790b56e000 rw-p 0000c000 fd:00 1847311                    /usr/java/jdk1.7.0_67-cloudera/jre/lib/amd64/libverify.so
7f790b56e000-7f790b575000 r-xp 00000000 fd:00 915756                     /lib64/librt-2.12.so
7f790b575000-7f790b774000 ---p 00007000 fd:00 915756                     /lib64/librt-2.12.so
7f790b774000-7f790b775000 r--p 00006000 fd:00 915756                     /lib64/librt-2.12.so
7f790b775000-7f790b776000 rw-p 00007000 fd:00 915756                     /lib64/librt-2.12.so
7f790b776000-7f790b7f9000 r-xp 00000000 fd:00 915736                     /lib64/libm-2.12.so
7f790b7f9000-7f790b9f8000 ---p 00083000 fd:00 915736                     /lib64/libm-2.12.so
7f790b9f8000-7f790b9f9000 r--p 00082000 fd:00 915736                     /lib64/libm-2.12.so
7f790b9f9000-7f790b9fa000 rw-p 00083000 fd:00 915736                     /lib64/libm-2.12.so
7f790b9fa000-7f790c56a000 r-xp 00000000 fd:00 1847316                    /usr/java/jdk1.7.0_67-cloudera/jre/lib/amd64/server/libjvm.so
7f790c56a000-7f790c769000 ---p 00b70000 fd:00 1847316                    /usr/java/jdk1.7.0_67-cloudera/jre/lib/amd64/server/libjvm.so
7f790c769000-7f790c82e000 rw-p 00b6f000 fd:00 1847316                    /usr/java/jdk1.7.0_67-cloudera/jre/lib/amd64/server/libjvm.so
7f790c82e000-7f790c86e000 rw-p 00000000 00:00 0 
7f790c86e000-7f790c9f8000 r-xp 00000000 fd:00 915728                     /lib64/libc-2.12.so
7f790c9f8000-7f790cbf8000 ---p 0018a000 fd:00 915728                     /lib64/libc-2.12.so
7f790cbf8000-7f790cbfc000 r--p 0018a000 fd:00 915728                     /lib64/libc-2.12.so
7f790cbfc000-7f790cbfd000 rw-p 0018e000 fd:00 915728                     /lib64/libc-2.12.so
7f790cbfd000-7f790cc02000 rw-p 00000000 00:00 0 
7f790cc02000-7f790cc04000 r-xp 00000000 fd:00 915734                     /lib64/libdl-2.12.so
7f790cc04000-7f790ce04000 ---p 00002000 fd:00 915734                     /lib64/libdl-2.12.so
7f790ce04000-7f790ce05000 r--p 00002000 fd:00 915734                     /lib64/libdl-2.12.so
7f790ce05000-7f790ce06000 rw-p 00003000 fd:00 915734                     /lib64/libdl-2.12.so
7f790ce06000-7f790ce1c000 r-xp 00000000 fd:00 1969408                    /usr/java/jdk1.7.0_67-cloudera/lib/amd64/jli/libjli.so
7f790ce1c000-7f790d01c000 ---p 00016000 fd:00 1969408                    /usr/java/jdk1.7.0_67-cloudera/lib/amd64/jli/libjli.so
7f790d01c000-7f790d01d000 rw-p 00016000 fd:00 1969408                    /usr/java/jdk1.7.0_67-cloudera/lib/amd64/jli/libjli.so
7f790d01d000-7f790d034000 r-xp 00000000 fd:00 915752                     /lib64/libpthread-2.12.so
7f790d034000-7f790d234000 ---p 00017000 fd:00 915752                     /lib64/libpthread-2.12.so
7f790d234000-7f790d235000 r--p 00017000 fd:00 915752                     /lib64/libpthread-2.12.so
7f790d235000-7f790d236000 rw-p 00018000 fd:00 915752                     /lib64/libpthread-2.12.so
7f790d236000-7f790d23a000 rw-p 00000000 00:00 0 
7f790d23a000-7f790d25a000 r-xp 00000000 fd:00 915721                     /lib64/ld-2.12.so
7f790d26a000-7f790d345000 rw-p 00000000 00:00 0 
7f790d345000-7f790d348000 ---p 00000000 00:00 0 
7f790d348000-7f790d44a000 rw-p 00000000 00:00 0 
7f790d44c000-7f790d44e000 rw-p 00000000 00:00 0 
7f790d44e000-7f790d456000 rw-s 00000000 fd:00 1443447                    /tmp/hsperfdata_cloudera/23121
7f790d456000-7f790d457000 rw-p 00000000 00:00 0 
7f790d457000-7f790d458000 r--p 00000000 00:00 0 
7f790d458000-7f790d459000 rw-p 00000000 00:00 0 
7f790d459000-7f790d45a000 r--p 0001f000 fd:00 915721                     /lib64/ld-2.12.so
7f790d45a000-7f790d45b000 rw-p 00020000 fd:00 915721                     /lib64/ld-2.12.so
7f790d45b000-7f790d45c000 rw-p 00000000 00:00 0 
7ffd2baa4000-7ffd2bab9000 rw-p 00000000 00:00 0                          [stack]
7ffd2bb26000-7ffd2bb27000 r-xp 00000000 00:00 0                          [vdso]
ffffffffff600000-ffffffffff601000 r-xp 00000000 00:00 0                  [vsyscall]

VM Arguments:
jvm_args: -Xms1024m -Xmx1024m -XX:ReservedCodeCacheSize=128m -XX:MaxPermSize=256m 
java_command: /opt/sbt/bin/sbt-launch.jar run
Launcher Type: SUN_STANDARD

Environment Variables:
JAVA_HOME=/usr/java/jdk1.7.0_67-cloudera
PATH=/usr/local/firefox:/sbin:/usr/java/jdk1.7.0_67-cloudera/bin:/usr/local/apache-ant/apache-ant-1.9.2/bin:/usr/local/apache-maven/apache-maven-3.0.4/bin:/usr/local/bin:/usr/bin:/bin:/usr/local/sbin:/usr/sbin:/sbin:/home/cloudera/bin:/opt/scala-2.11.7/bin:/opt/sbt/bin
USERNAME=cloudera
SHELL=/bin/bash
DISPLAY=:0.0

Signal Handlers:
SIGSEGV: [libjvm.so+0x99f4a0], sa_mask[0]=0x7ffbfeff, sa_flags=0x10000004
SIGBUS: [libjvm.so+0x99f4a0], sa_mask[0]=0x7ffbfeff, sa_flags=0x10000004
SIGFPE: [libjvm.so+0x81a860], sa_mask[0]=0x7ffbfeff, sa_flags=0x10000004
SIGPIPE: [libjvm.so+0x81a860], sa_mask[0]=0x7ffbfeff, sa_flags=0x10000004
SIGXFSZ: [libjvm.so+0x81a860], sa_mask[0]=0x7ffbfeff, sa_flags=0x10000004
SIGILL: [libjvm.so+0x81a860], sa_mask[0]=0x7ffbfeff, sa_flags=0x10000004
SIGUSR1: SIG_DFL, sa_mask[0]=0x00000000, sa_flags=0x00000000
SIGUSR2: [libjvm.so+0x81c060], sa_mask[0]=0x00000000, sa_flags=0x10000004
SIGHUP: SIG_DFL, sa_mask[0]=0x00000000, sa_flags=0x00000000
SIGINT: SIG_DFL, sa_mask[0]=0x00000000, sa_flags=0x00000000
SIGTERM: SIG_DFL, sa_mask[0]=0x00000000, sa_flags=0x00000000
SIGQUIT: SIG_DFL, sa_mask[0]=0x00000000, sa_flags=0x00000000


---------------  S Y S T E M  ---------------

OS:CentOS release 6.7 (Final)

uname:Linux 2.6.32-573.el6.x86_64 #1 SMP Thu Jul 23 15:44:03 UTC 2015 x86_64
libc:glibc 2.12 NPTL 2.12 
rlimit: STACK 10240k, CORE 0k, NPROC 1024, NOFILE 4096, AS infinity
load average:19.24 16.18 13.91

/proc/meminfo:
MemTotal:        8059472 kB
MemFree:          136788 kB
Buffers:            5928 kB
Cached:            90064 kB
SwapCached:        69472 kB
Active:          6413964 kB
Inactive:        1277608 kB
Active(anon):    6391808 kB
Inactive(anon):  1207568 kB
Active(file):      22156 kB
Inactive(file):    70040 kB
Unevictable:          16 kB
Mlocked:              16 kB
SwapTotal:       8388604 kB
SwapFree:         211100 kB
Dirty:               408 kB
Writeback:             0 kB
AnonPages:       7524280 kB
Mapped:            35588 kB
Shmem:              3740 kB
Slab:              72380 kB
SReclaimable:      28628 kB
SUnreclaim:        43752 kB
KernelStack:       28352 kB
PageTables:        59252 kB
NFS_Unstable:          0 kB
Bounce:                0 kB
WritebackTmp:          0 kB
CommitLimit:    12418340 kB
Committed_AS:   22936432 kB
VmallocTotal:   34359738367 kB
VmallocUsed:       32196 kB
VmallocChunk:   34359697404 kB
HardwareCorrupted:     0 kB
AnonHugePages:   3684352 kB
HugePages_Total:       0
HugePages_Free:        0
HugePages_Rsvd:        0
HugePages_Surp:        0
Hugepagesize:       2048 kB
DirectMap4k:        8128 kB
DirectMap2M:     8380416 kB


CPU:total 2 (2 cores per cpu, 1 threads per core) family 6 model 61 stepping 4, cmov, cx8, fxsr, mmx, sse, sse2, sse3, ssse3, sse4.1, sse4.2, popcnt, avx, aes, tsc, tscinvbit

/proc/cpuinfo:
processor	: 0
vendor_id	: GenuineIntel
cpu family	: 6
model		: 61
model name	: Intel(R) Core(TM) i5-5257U CPU @ 2.70GHz
stepping	: 4
cpu MHz		: 2699.998
cache size	: 3072 KB
physical id	: 0
siblings	: 2
core id		: 0
cpu cores	: 2
apicid		: 0
initial apicid	: 0
fpu		: yes
fpu_exception	: yes
cpuid level	: 20
wp		: yes
flags		: fpu vme de pse tsc msr pae mce cx8 apic sep mtrr pge mca cmov pat pse36 clflush mmx fxsr sse sse2 ht syscall nx rdtscp lm constant_tsc rep_good xtopology nonstop_tsc unfair_spinlock pni pclmulqdq ssse3 cx16 sse4_1 sse4_2 x2apic movbe popcnt aes xsave avx rdrand hypervisor lahf_lm abm 3dnowprefetch rdseed
bogomips	: 5399.99
clflush size	: 64
cache_alignment	: 64
address sizes	: 39 bits physical, 48 bits virtual
power management:

processor	: 1
vendor_id	: GenuineIntel
cpu family	: 6
model		: 61
model name	: Intel(R) Core(TM) i5-5257U CPU @ 2.70GHz
stepping	: 4
cpu MHz		: 2699.998
cache size	: 3072 KB
physical id	: 0
siblings	: 2
core id		: 1
cpu cores	: 2
apicid		: 1
initial apicid	: 1
fpu		: yes
fpu_exception	: yes
cpuid level	: 20
wp		: yes
flags		: fpu vme de pse tsc msr pae mce cx8 apic sep mtrr pge mca cmov pat pse36 clflush mmx fxsr sse sse2 ht syscall nx rdtscp lm constant_tsc rep_good xtopology nonstop_tsc unfair_spinlock pni pclmulqdq ssse3 cx16 sse4_1 sse4_2 x2apic movbe popcnt aes xsave avx rdrand hypervisor lahf_lm abm 3dnowprefetch rdseed
bogomips	: 5399.99
clflush size	: 64
cache_alignment	: 64
address sizes	: 39 bits physical, 48 bits virtual
power management:



Memory: 4k page, physical 8059472k(136788k free), swap 8388604k(211100k free)

vm_info: Java HotSpot(TM) 64-Bit Server VM (24.65-b04) for linux-amd64 JRE (1.7.0_67-b01), built on Jul 25 2014 09:20:21 by "java_re" with gcc 4.3.0 20080428 (Red Hat 4.3.0-8)

time: Fri Oct  6 15:40:40 2017
elapsed time: 0 seconds

